nohup: ignoring input
 * Serving Flask app 'webapp'
 * Debug mode: on
[31m[1mWARNING: This is a development server. Do not use it in a production deployment. Use a production WSGI server instead.[0m
 * Running on all addresses (0.0.0.0)
 * Running on http://127.0.0.1:5000
 * Running on http://172.30.38.70:5000
[33mPress CTRL+C to quit[0m
 * Restarting with stat
 * Debugger is active!
 * Debugger PIN: 144-100-345
 * Detected change in '/home/dan/projects/mba-automation-workspace/debug_points.py', reloading
 * Restarting with stat
 * Debugger is active!
 * Debugger PIN: 144-100-345
 * Detected change in '/home/dan/projects/mba-automation-workspace/mba_automation/automation.py', reloading
 * Restarting with stat
 * Debugger is active!
 * Debugger PIN: 144-100-345
 * Detected change in '/home/dan/projects/mba-automation-workspace/webapp.py', reloading
 * Restarting with stat
 * Debugger is active!
 * Debugger PIN: 144-100-345
 * Detected change in '/home/dan/projects/mba-automation-workspace/mba_automation/automation.py', reloading
 * Restarting with stat
 * Debugger is active!
 * Debugger PIN: 144-100-345
 * Detected change in '/home/dan/projects/mba-automation-workspace/mba_automation/scraper.py', reloading
 * Restarting with stat
 * Debugger is active!
 * Debugger PIN: 144-100-345
 * Detected change in '/home/dan/projects/mba-automation-workspace/mba_automation/scraper.py', reloading
 * Restarting with stat
 * Debugger is active!
 * Debugger PIN: 144-100-345
 * Detected change in '/home/dan/projects/mba-automation-workspace/mba_automation/automation.py', reloading
 * Restarting with stat
 * Debugger is active!
 * Debugger PIN: 144-100-345
 * Detected change in '/home/dan/projects/mba-automation-workspace/mba_automation/scraper.py', reloading
 * Restarting with stat
 * Debugger is active!
 * Debugger PIN: 144-100-345
 * Detected change in '/home/dan/projects/mba-automation-workspace/mba_automation/cli.py', reloading
 * Restarting with stat
 * Debugger is active!
 * Debugger PIN: 144-100-345
